\BOOKMARK [1][-]{section.1}{\376\377\000I\000n\000t\000r\000o\000d\000u\000c\000c\000i\000\363\000n}{}% 1
\BOOKMARK [1][-]{section.2}{\376\377\000D\000a\000t\000o\000s\000\040\000y\000\040\000p\000r\000o\000c\000e\000s\000a\000m\000i\000e\000n\000t\000o}{}% 2
\BOOKMARK [2][-]{subsection.2.1}{\376\377\000F\000u\000e\000n\000t\000e\000s\000\040\000y\000\040\000c\000o\000n\000s\000t\000r\000u\000c\000c\000i\000\363\000n\000\040\000d\000e\000\040\000v\000a\000r\000i\000a\000b\000l\000e\000s}{section.2}% 3
\BOOKMARK [2][-]{subsection.2.2}{\376\377\000A\000j\000u\000s\000t\000e\000\040\000e\000s\000t\000a\000c\000i\000o\000n\000a\000l}{section.2}% 4
\BOOKMARK [2][-]{subsection.2.3}{\376\377\000B\000r\000e\000c\000h\000a\000\040\000d\000e\000l\000\040\000p\000r\000o\000d\000u\000c\000t\000o\000\040\000v\000\355\000a\000\040\000f\000i\000l\000t\000r\000o\000\040\000d\000e\000\040\000K\000a\000l\000m\000a\000n}{section.2}% 5
\BOOKMARK [2][-]{subsection.2.4}{\376\377\000V\000a\000l\000i\000d\000a\000c\000i\000\363\000n\000:\000\040\000p\000r\000u\000e\000b\000a\000s\000\040\000d\000e\000\040\000r\000a\000\355\000z\000\040\000u\000n\000i\000t\000a\000r\000i\000a}{section.2}% 6
\BOOKMARK [1][-]{section.3}{\376\377\000M\000o\000d\000e\000l\000o\000\040\000V\000A\000R\000\040\000b\000a\000s\000e}{}% 7
\BOOKMARK [1][-]{section.4}{\376\377\000E\000s\000t\000r\000a\000t\000e\000g\000i\000a\000\040\0001\000:\000\040\000R\000e\000s\000t\000r\000i\000c\000c\000i\000o\000n\000e\000s\000\040\000d\000e\000\040\000e\000x\000c\000l\000u\000s\000i\000\363\000n\000\040\000\050\000C\000h\000o\000l\000e\000s\000k\000y\000\051}{}% 8
\BOOKMARK [2][-]{subsection.4.1}{\376\377\000M\000a\000r\000c\000o\000\040\000t\000e\000\363\000r\000i\000c\000o}{section.4}% 9
\BOOKMARK [2][-]{subsection.4.2}{\376\377\000B\000a\000n\000d\000a\000s\000\040\000d\000e\000\040\000i\000n\000c\000e\000r\000t\000i\000d\000u\000m\000b\000r\000e\000\040\000v\000\355\000a\000\040\000b\000o\000o\000t\000s\000t\000r\000a\000p}{section.4}% 10
\BOOKMARK [2][-]{subsection.4.3}{\376\377\000R\000e\000s\000u\000l\000t\000a\000d\000o\000s\000\040\000C\000h\000o\000l\000e\000s\000k\000y}{section.4}% 11
\BOOKMARK [1][-]{section.5}{\376\377\000E\000s\000t\000r\000a\000t\000e\000g\000i\000a\000\040\0002\000:\000\040\000R\000e\000s\000t\000r\000i\000c\000c\000i\000o\000n\000e\000s\000\040\000d\000e\000\040\000s\000i\000g\000n\000o}{}% 12
\BOOKMARK [2][-]{subsection.5.1}{\376\377\000M\000a\000r\000c\000o\000\040\000t\000e\000\363\000r\000i\000c\000o}{section.5}% 13
\BOOKMARK [2][-]{subsection.5.2}{\376\377\000A\000l\000g\000o\000r\000i\000t\000m\000o\000\040\000d\000e\000\040\000U\000h\000l\000i\000g\000\040\000\050\0002\0000\0000\0005\000\051\000\040\000c\000o\000n\000\040\000b\000o\000o\000t\000s\000t\000r\000a\000p\000\040\000R\000u\000n\000k\000l\000e}{section.5}% 14
\BOOKMARK [2][-]{subsection.5.3}{\376\377\000G\000e\000n\000e\000r\000a\000c\000i\000\363\000n\000\040\000u\000n\000i\000f\000o\000r\000m\000e\000\040\000d\000e\000\040\000m\000a\000t\000r\000i\000c\000e\000s\000\040\000o\000r\000t\000o\000g\000o\000n\000a\000l\000e\000s}{section.5}% 15
\BOOKMARK [1][-]{section.6}{\376\377\000E\000j\000e\000m\000p\000l\000o\000\040\000n\000u\000m\000\351\000r\000i\000c\000o\000:\000\040\000d\000e\000s\000c\000o\000m\000p\000o\000s\000i\000c\000i\000\363\000n\000\040\000Q\000R\000\040\000c\000o\000n\000\040\000c\000o\000r\000r\000e\000c\000c\000i\000\363\000n\000\040\000d\000e\000\040\000H\000a\000a\000r}{}% 16
\BOOKMARK [2][-]{subsection.6.1}{\376\377\000P\000a\000s\000o\000\040\0001\000:\000\040\000d\000e\000s\000c\000o\000m\000p\000o\000s\000i\000c\000i\000\363\000n\000\040\000Q\000R\000\040\000v\000\355\000a\000\040\000H\000o\000u\000s\000e\000h\000o\000l\000d\000e\000r}{section.6}% 17
\BOOKMARK [2][-]{subsection.6.2}{\376\377\000P\000a\000s\000o\000\040\0002\000:\000\040\000c\000o\000r\000r\000e\000c\000c\000i\000\363\000n\000\040\000p\000o\000r\000\040\000l\000a\000\040\000d\000i\000a\000g\000o\000n\000a\000l\000\040\000d\000e\000\040\000R}{section.6}% 18
\BOOKMARK [2][-]{subsection.6.3}{\376\377\000P\000a\000s\000o\000\040\0003\000:\000\040\000c\000o\000n\000s\000t\000r\000u\000c\000c\000i\000\363\000n\000\040\000d\000e\000\040\000A\000\137\0000\000\040\000e\000\040\000i\000n\000t\000e\000r\000p\000r\000e\000t\000a\000c\000i\000\363\000n}{section.6}% 19
\BOOKMARK [2][-]{subsection.6.4}{\376\377\000G\000e\000n\000e\000r\000a\000l\000i\000z\000a\000c\000i\000\363\000n\000\040\000a\000l\000\040\000c\000a\000s\000o\000\040\000n\000=\0006}{section.6}% 20
\BOOKMARK [2][-]{subsection.6.5}{\376\377\000R\000e\000s\000u\000l\000t\000a\000d\000o\000s\000\040\000d\000e\000\040\000s\000i\000g\000n\000o\000s\000\040\000e\000s\000t\000\341\000n\000d\000a\000r}{section.6}% 21
\BOOKMARK [1][-]{section.7}{\376\377\000E\000s\000t\000r\000a\000t\000e\000g\000i\000a\000\040\0003\000:\000\040\000R\000e\000s\000t\000r\000i\000c\000c\000i\000o\000n\000e\000s\000\040\000d\000e\000\040\000s\000i\000g\000n\000o\000\040\000a\000u\000m\000e\000n\000t\000a\000d\000a\000s}{}% 22
\BOOKMARK [2][-]{subsection.7.1}{\376\377\000C\000o\000t\000a\000\040\000d\000e\000\040\000e\000l\000a\000s\000t\000i\000c\000i\000d\000a\000d\000\040\000i\000n\000f\000l\000a\000c\000i\000\363\000n\040\023\000t\000a\000s\000a}{section.7}% 23
\BOOKMARK [2][-]{subsection.7.2}{\376\377\000I\000m\000p\000l\000e\000m\000e\000n\000t\000a\000c\000i\000\363\000n\000:\000\040\000c\000r\000i\000t\000e\000r\000i\000o\000\040\000a\000d\000i\000c\000i\000o\000n\000a\000l\000\040\000e\000n\000\040\000e\000l\000\040\000b\000u\000c\000l\000e\000\040\000d\000e\000\040\000a\000c\000e\000p\000t\000a\000c\000i\000\363\000n}{section.7}% 24
\BOOKMARK [2][-]{subsection.7.3}{\376\377\000T\000a\000s\000a\000\040\000d\000e\000\040\000a\000c\000e\000p\000t\000a\000c\000i\000\363\000n}{section.7}% 25
\BOOKMARK [1][-]{section.8}{\376\377\000E\000s\000t\000i\000m\000a\000c\000i\000\363\000n\000\040\000d\000e\000\040\000l\000a\000\040\000c\000o\000t\000a\000\040\000b\000e\000t\000a\000\040\000l\000o\000w\000e\000r}{}% 26
\BOOKMARK [2][-]{subsection.8.1}{\376\377\000E\000s\000p\000e\000c\000i\000f\000i\000c\000a\000c\000i\000\363\000n\000\040\000d\000e\000\040\000l\000a\000\040\000r\000e\000g\000r\000e\000s\000i\000\363\000n}{section.8}% 27
\BOOKMARK [2][-]{subsection.8.2}{\376\377\000D\000i\000a\000g\000n\000\363\000s\000t\000i\000c\000o\000\040\000d\000e\000l\000\040\000m\000\351\000t\000o\000d\000o\000\040\000d\000e\000\040\000e\000s\000t\000i\000m\000a\000c\000i\000\363\000n}{section.8}% 28
\BOOKMARK [2][-]{subsection.8.3}{\376\377\000R\000e\000s\000u\000l\000t\000a\000d\000o\000s\000\040\000d\000e\000\040\000l\000a\000\040\000e\000s\000t\000i\000m\000a\000c\000i\000\363\000n}{section.8}% 29
\BOOKMARK [1][-]{section.9}{\376\377\000R\000e\000s\000u\000l\000t\000a\000d\000o\000s\000\040\000y\000\040\000c\000o\000m\000p\000a\000r\000a\000c\000i\000\363\000n\000\040\000c\000o\000n\000\040\000C\000a\000r\000r\000i\000l\000l\000o\000\040\000y\000\040\000E\000l\000i\000z\000o\000n\000d\000o\000\040\000\050\0002\0000\0001\0008\000\051}{}% 30
\BOOKMARK [2][-]{subsection.9.1}{\376\377\000R\000e\000s\000p\000u\000e\000s\000t\000a\000s\000\040\000d\000e\000\040\000i\000m\000p\000a\000c\000t\000o\000\040\000a\000l\000\040\000c\000h\000o\000q\000u\000e\000\040\000m\000o\000n\000e\000t\000a\000r\000i\000o\000\040\000c\000o\000n\000t\000r\000a\000c\000t\000i\000v\000o}{section.9}% 31
\BOOKMARK [2][-]{subsection.9.2}{\376\377\000D\000i\000f\000e\000r\000e\000n\000c\000i\000a\000s\000\040\000r\000e\000s\000i\000d\000u\000a\000l\000e\000s\000\040\000c\000o\000n\000o\000c\000i\000d\000a\000s}{section.9}% 32
\BOOKMARK [1][-]{section.10}{\376\377\000C\000o\000n\000c\000l\000u\000s\000i\000o\000n\000e\000s\000,\000\040\000l\000i\000m\000i\000t\000a\000c\000i\000o\000n\000e\000s\000\040\000y\000\040\000m\000e\000j\000o\000r\000a\000s}{}% 33
\BOOKMARK [2][-]{subsection.10.1}{\376\377\000C\000o\000n\000c\000l\000u\000s\000i\000o\000n\000e\000s\000\040\000g\000e\000n\000e\000r\000a\000l\000e\000s}{section.10}% 34
\BOOKMARK [2][-]{subsection.10.2}{\376\377\000L\000i\000m\000i\000t\000a\000c\000i\000o\000n\000e\000s}{section.10}% 35
\BOOKMARK [2][-]{subsection.10.3}{\376\377\000M\000e\000j\000o\000r\000a\000s\000\040\000p\000r\000o\000p\000u\000e\000s\000t\000a\000s}{section.10}% 36
\BOOKMARK [2][-]{subsection.10.4}{\376\377\000C\000i\000e\000r\000r\000e}{section.10}% 37
